2022-07-16 16:54:58,843 ERROR: Exception on /user/xiaoxiao [GET] [in /Users/fengchuxiao/Desktop/microblog/venv/lib/python3.8/site-packages/flask/app.py:1449]
Traceback (most recent call last):
  File "/Users/fengchuxiao/Desktop/microblog/venv/lib/python3.8/site-packages/flask/app.py", line 2073, in wsgi_app
    response = self.full_dispatch_request()
  File "/Users/fengchuxiao/Desktop/microblog/venv/lib/python3.8/site-packages/flask/app.py", line 1519, in full_dispatch_request
    rv = self.handle_user_exception(e)
  File "/Users/fengchuxiao/Desktop/microblog/venv/lib/python3.8/site-packages/flask/app.py", line 1517, in full_dispatch_request
    rv = self.dispatch_request()
  File "/Users/fengchuxiao/Desktop/microblog/venv/lib/python3.8/site-packages/flask/app.py", line 1503, in dispatch_request
    return self.ensure_sync(self.view_functions[rule.endpoint])(**req.view_args)
  File "/Users/fengchuxiao/Desktop/microblog/venv/lib/python3.8/site-packages/flask_login/utils.py", line 303, in decorated_view
    return current_app.ensure_sync(func)(*args, **kwargs)
  File "/Users/fengchuxiao/Desktop/microblog/app/routes.py", line 85, in user
    return render_template('user.html', user=user, posts=posts, form=form)
  File "/Users/fengchuxiao/Desktop/microblog/venv/lib/python3.8/site-packages/flask/templating.py", line 155, in render_template
    ctx.app.jinja_env.get_or_select_template(template_name_or_list),
  File "/Users/fengchuxiao/Desktop/microblog/venv/lib/python3.8/site-packages/jinja2/environment.py", line 1081, in get_or_select_template
    return self.get_template(template_name_or_list, parent, globals)
  File "/Users/fengchuxiao/Desktop/microblog/venv/lib/python3.8/site-packages/jinja2/environment.py", line 1010, in get_template
    return self._load_template(name, globals)
  File "/Users/fengchuxiao/Desktop/microblog/venv/lib/python3.8/site-packages/jinja2/environment.py", line 969, in _load_template
    template = self.loader.load(self, name, self.make_globals(globals))
  File "/Users/fengchuxiao/Desktop/microblog/venv/lib/python3.8/site-packages/jinja2/loaders.py", line 138, in load
    code = environment.compile(source, name, filename)
  File "/Users/fengchuxiao/Desktop/microblog/venv/lib/python3.8/site-packages/jinja2/environment.py", line 768, in compile
    self.handle_exception(source=source_hint)
  File "/Users/fengchuxiao/Desktop/microblog/venv/lib/python3.8/site-packages/jinja2/environment.py", line 936, in handle_exception
    raise rewrite_traceback_stack(source=source)
  File "/Users/fengchuxiao/Desktop/microblog/app/templates/user.html", line 15, in template
    <p><a href="{{ url_for('follow'), username = user.username }}">Follow</a></p>
jinja2.exceptions.TemplateSyntaxError: expected token 'end of print statement', got '='
2022-07-17 01:01:06,641 INFO: Microblog startup [in /Users/fengchuxiao/Desktop/microblog/app/__init__.py:49]
2022-07-17 17:35:45,278 INFO: Microblog startup [in /Users/fengchuxiao/Desktop/microblog/app/__init__.py:55]
2022-07-17 17:51:08,564 INFO: Microblog startup [in /Users/fengchuxiao/Desktop/microblog/app/__init__.py:55]
2022-07-17 17:51:28,112 INFO: Microblog startup [in /Users/fengchuxiao/Desktop/microblog/app/__init__.py:55]
2022-07-17 17:51:34,024 INFO: Microblog startup [in /Users/fengchuxiao/Desktop/microblog/app/__init__.py:55]
2022-07-17 17:53:00,985 INFO: Microblog startup [in /Users/fengchuxiao/Desktop/microblog/app/__init__.py:55]
2022-07-17 17:53:23,519 INFO: Microblog startup [in /Users/fengchuxiao/Desktop/microblog/app/__init__.py:55]
2022-07-17 17:53:44,214 INFO: Microblog startup [in /Users/fengchuxiao/Desktop/microblog/app/__init__.py:55]
2022-07-17 17:53:49,765 INFO: Microblog startup [in /Users/fengchuxiao/Desktop/microblog/app/__init__.py:55]
2022-07-17 17:54:19,097 INFO: Microblog startup [in /Users/fengchuxiao/Desktop/microblog/app/__init__.py:55]
2022-07-17 19:58:07,954 INFO: Microblog startup [in /Users/fengchuxiao/Desktop/microblog/app/__init__.py:55]
2022-07-17 20:02:59,620 INFO: Microblog startup [in /Users/fengchuxiao/Desktop/microblog/app/__init__.py:55]
2022-07-17 20:03:04,846 INFO: Microblog startup [in /Users/fengchuxiao/Desktop/microblog/app/__init__.py:55]
2022-07-17 20:17:47,867 INFO: Microblog startup [in /Users/fengchuxiao/Desktop/microblog/app/__init__.py:55]
2022-07-17 20:17:57,438 INFO: Microblog startup [in /Users/fengchuxiao/Desktop/microblog/app/__init__.py:55]
2022-07-17 20:18:52,702 INFO: Microblog startup [in /Users/fengchuxiao/Desktop/microblog/app/__init__.py:55]
2022-07-17 22:25:54,210 INFO: Microblog startup [in /Users/fengchuxiao/Desktop/microblog/app/__init__.py:55]
2022-07-17 22:26:28,488 INFO: Microblog startup [in /Users/fengchuxiao/Desktop/microblog/app/__init__.py:55]
2022-07-17 22:26:36,627 INFO: Microblog startup [in /Users/fengchuxiao/Desktop/microblog/app/__init__.py:55]
2022-07-17 22:28:21,416 INFO: Microblog startup [in /Users/fengchuxiao/Desktop/microblog/app/__init__.py:55]
2022-07-17 22:28:24,985 INFO: Microblog startup [in /Users/fengchuxiao/Desktop/microblog/app/__init__.py:55]
2022-07-17 22:28:28,144 INFO: Microblog startup [in /Users/fengchuxiao/Desktop/microblog/app/__init__.py:55]
